2018-10-11 16:32:17,087 - dragonfly - INFO - Got point after 1 iterations
2018-10-11 16:32:17,088 - dragonfly - INFO - [STA] Got Point=Point(x=25323089736678991761665696053017242212959613330537917540497062040613991933507, y=56480630673388494498505888750565928130742827894811443574144903938861669954996) after 40 iterations
2018-10-11 16:32:17,088 - dragonfly - INFO - [STA] Point is on curve: True
2018-10-11 16:32:17,089 - dragonfly - INFO - Got point after 1 iterations
2018-10-11 16:32:17,090 - dragonfly - INFO - [AP] Got Point=Point(x=25323089736678991761665696053017242212959613330537917540497062040613991933507, y=56480630673388494498505888750565928130742827894811443574144903938861669954996) after 40 iterations
2018-10-11 16:32:17,090 - dragonfly - INFO - [AP] Point is on curve: True
2018-10-11 16:32:17,090 - dragonfly - INFO - Starting dragonfly commit exchange...

2018-10-11 16:32:17,233 - dragonfly - INFO - [STA] Sending scalar and element to the Peer!
2018-10-11 16:32:17,233 - dragonfly - INFO - [STA] Scalar=63270860033989533762068482981960896161848653058469471428343798908544231032801
2018-10-11 16:32:17,233 - dragonfly - INFO - [STA] Element=Point(x=13818674926731382820802407439095891690048045513849912374168055812114992465886, y=36851643907001079295841811829467100595459712279256343534688097586372636391439)
2018-10-11 16:32:17,378 - dragonfly - INFO - [AP] Sending scalar and element to the Peer!
2018-10-11 16:32:17,379 - dragonfly - INFO - [AP] Scalar=34318479102710631354511492234487071943487095152406125763946599618048458615996
2018-10-11 16:32:17,379 - dragonfly - INFO - [AP] Element=Point(x=23634315467314481322407022867541069185008324624463652085074824645735156055838, y=36545089319526882995569013301076609673548879075814108061815438759896239201143)
2018-10-11 16:32:17,379 - dragonfly - INFO - Computing shared secret...

2018-10-11 16:32:17,661 - dragonfly - INFO - [STA] Shared Secret ss=5260889521998059954133035917253021115319131005047817759540475275194490804708
2018-10-11 16:32:30,429 - dragonfly - INFO - Got point after 1 iterations
2018-10-11 16:32:30,430 - dragonfly - INFO - [STA] Got Point=Point(x=25323089736678991761665696053017242212959613330537917540497062040613991933507, y=56480630673388494498505888750565928130742827894811443574144903938861669954996) after 40 iterations
2018-10-11 16:32:30,430 - dragonfly - INFO - [STA] Point is on curve: True
2018-10-11 16:32:30,431 - dragonfly - INFO - Got point after 1 iterations
2018-10-11 16:32:30,432 - dragonfly - INFO - [AP] Got Point=Point(x=25323089736678991761665696053017242212959613330537917540497062040613991933507, y=56480630673388494498505888750565928130742827894811443574144903938861669954996) after 40 iterations
2018-10-11 16:32:30,432 - dragonfly - INFO - [AP] Point is on curve: True
2018-10-11 16:32:30,432 - dragonfly - INFO - Starting dragonfly commit exchange...

2018-10-11 16:32:30,572 - dragonfly - INFO - [STA] Sending scalar and element to the Peer!
2018-10-11 16:32:30,572 - dragonfly - INFO - [STA] Scalar=63270860033989533762068482981960896161848653058469471428343798908544231032801
2018-10-11 16:32:30,572 - dragonfly - INFO - [STA] Element=Point(x=13818674926731382820802407439095891690048045513849912374168055812114992465886, y=36851643907001079295841811829467100595459712279256343534688097586372636391439)
2018-10-11 16:32:30,716 - dragonfly - INFO - [AP] Sending scalar and element to the Peer!
2018-10-11 16:32:30,716 - dragonfly - INFO - [AP] Scalar=34318479102710631354511492234487071943487095152406125763946599618048458615996
2018-10-11 16:32:30,716 - dragonfly - INFO - [AP] Element=Point(x=23634315467314481322407022867541069185008324624463652085074824645735156055838, y=36545089319526882995569013301076609673548879075814108061815438759896239201143)
2018-10-11 16:32:30,716 - dragonfly - INFO - Computing shared secret...

2018-10-11 16:32:30,999 - dragonfly - INFO - [STA] Shared Secret ss=5260889521998059954133035917253021115319131005047817759540475275194490804708
2018-10-11 16:32:30,999 - dragonfly - INFO - [STA] Token=b'\x97D&\xf0|\xd0^/\xea\xeb\xf7\xcf\xa8W\xba\x9c\xd4\x01\x98\xa3\xb5H\x02\xd2\xbb"&\x1d\xefu\xcf\x13'
2018-10-11 16:32:31,278 - dragonfly - INFO - [AP] Shared Secret ss=66343979812519214320700150100373980312719896822269625332611294133303820052818
2018-10-11 16:32:31,279 - dragonfly - INFO - [AP] Token=b'\xb4\xe5\x9aW\xd25\xbeJ\xdb\x8b\xf7\xad\x1f\xf8\xdb\xd6h\xe2\xc3\xe4\xf5\x93m\x19\xcf\xba\x1cS+e\x0e\xd4'
2018-10-11 16:35:17,258 - dragonfly - INFO - Got point after 1 iterations
2018-10-11 16:35:17,259 - dragonfly - INFO - [STA] Got Point=Point(x=25323089736678991761665696053017242212959613330537917540497062040613991933507, y=56480630673388494498505888750565928130742827894811443574144903938861669954996) after 40 iterations
2018-10-11 16:35:17,259 - dragonfly - INFO - [STA] Point is on curve: True
2018-10-11 16:35:17,260 - dragonfly - INFO - Got point after 1 iterations
2018-10-11 16:35:17,261 - dragonfly - INFO - [AP] Got Point=Point(x=25323089736678991761665696053017242212959613330537917540497062040613991933507, y=56480630673388494498505888750565928130742827894811443574144903938861669954996) after 40 iterations
2018-10-11 16:35:17,261 - dragonfly - INFO - [AP] Point is on curve: True
2018-10-11 16:35:17,261 - dragonfly - INFO - Starting dragonfly commit exchange...

2018-10-11 16:35:17,402 - dragonfly - INFO - [STA] Sending scalar and element to the Peer!
2018-10-11 16:35:17,402 - dragonfly - INFO - [STA] Scalar=63270860033989533762068482981960896161848653058469471428343798908544231032801
2018-10-11 16:35:17,402 - dragonfly - INFO - [STA] Element=Point(x=13818674926731382820802407439095891690048045513849912374168055812114992465886, y=36851643907001079295841811829467100595459712279256343534688097586372636391439)
2018-10-11 16:35:17,547 - dragonfly - INFO - [AP] Sending scalar and element to the Peer!
2018-10-11 16:35:17,547 - dragonfly - INFO - [AP] Scalar=34318479102710631354511492234487071943487095152406125763946599618048458615996
2018-10-11 16:35:17,548 - dragonfly - INFO - [AP] Element=Point(x=23634315467314481322407022867541069185008324624463652085074824645735156055838, y=36545089319526882995569013301076609673548879075814108061815438759896239201143)
2018-10-11 16:35:17,548 - dragonfly - INFO - Computing shared secret...

2018-10-11 16:35:41,849 - dragonfly - INFO - Got point after 1 iterations
2018-10-11 16:35:41,850 - dragonfly - INFO - [STA] Got Point=Point(x=25323089736678991761665696053017242212959613330537917540497062040613991933507, y=56480630673388494498505888750565928130742827894811443574144903938861669954996) after 40 iterations
2018-10-11 16:35:41,850 - dragonfly - INFO - [STA] Point is on curve: True
2018-10-11 16:35:41,852 - dragonfly - INFO - Got point after 1 iterations
2018-10-11 16:35:41,853 - dragonfly - INFO - [AP] Got Point=Point(x=25323089736678991761665696053017242212959613330537917540497062040613991933507, y=56480630673388494498505888750565928130742827894811443574144903938861669954996) after 40 iterations
2018-10-11 16:35:41,853 - dragonfly - INFO - [AP] Point is on curve: True
2018-10-11 16:35:41,853 - dragonfly - INFO - Starting dragonfly commit exchange...

2018-10-11 16:35:41,994 - dragonfly - INFO - [STA] Sending scalar and element to the Peer!
2018-10-11 16:35:41,994 - dragonfly - INFO - [STA] Scalar=63270860033989533762068482981960896161848653058469471428343798908544231032801
2018-10-11 16:35:41,995 - dragonfly - INFO - [STA] Element=Point(x=13818674926731382820802407439095891690048045513849912374168055812114992465886, y=36851643907001079295841811829467100595459712279256343534688097586372636391439)
2018-10-11 16:35:42,143 - dragonfly - INFO - [AP] Sending scalar and element to the Peer!
2018-10-11 16:35:42,143 - dragonfly - INFO - [AP] Scalar=34318479102710631354511492234487071943487095152406125763946599618048458615996
2018-10-11 16:35:42,143 - dragonfly - INFO - [AP] Element=Point(x=23634315467314481322407022867541069185008324624463652085074824645735156055838, y=36545089319526882995569013301076609673548879075814108061815438759896239201143)
2018-10-11 16:35:42,144 - dragonfly - INFO - Computing shared secret...

2018-10-11 16:35:42,434 - dragonfly - INFO - [STA] Shared Secret ss=5260889521998059954133035917253021115319131005047817759540475275194490804708
2018-10-11 16:35:42,434 - dragonfly - INFO - [STA] Own Token=974426f07cd05e2feaebf7cfa857ba9cd40198a3b54802d2bb22261def75cf13
2018-10-11 16:35:42,434 - dragonfly - INFO - [STA] Other Token=05ddcb1b85261d2e514bf83d04c1b9031a7c4ff40adde5f3d7c215b73d90c155
2018-10-11 16:35:42,714 - dragonfly - INFO - [AP] Shared Secret ss=66343979812519214320700150100373980312719896822269625332611294133303820052818
2018-10-11 16:35:42,714 - dragonfly - INFO - [AP] Own Token=b4e59a57d235be4adb8bf7ad1ff8dbd668e2c3e4f5936d19cfba1c532b650ed4
2018-10-11 16:35:42,715 - dragonfly - INFO - [AP] Other Token=e09c8b1f4011b1cac51fbe553fa003f28ca47cee4fca569f58c78eb18e5e1bae
2018-10-11 16:40:49,085 - dragonfly - INFO - Got point after 1 iterations
2018-10-11 16:40:49,086 - dragonfly - INFO - [STA] Got Point=Point(x=25323089736678991761665696053017242212959613330537917540497062040613991933507, y=56480630673388494498505888750565928130742827894811443574144903938861669954996) after 40 iterations
2018-10-11 16:40:49,087 - dragonfly - INFO - [STA] Point is on curve: True
2018-10-11 16:40:49,087 - dragonfly - INFO - Got point after 1 iterations
2018-10-11 16:40:49,088 - dragonfly - INFO - [AP] Got Point=Point(x=25323089736678991761665696053017242212959613330537917540497062040613991933507, y=56480630673388494498505888750565928130742827894811443574144903938861669954996) after 40 iterations
2018-10-11 16:40:49,089 - dragonfly - INFO - [AP] Point is on curve: True
2018-10-11 16:40:49,089 - dragonfly - INFO - Starting dragonfly commit exchange...

2018-10-11 16:40:49,229 - dragonfly - INFO - [STA] Sending scalar and element to the Peer!
2018-10-11 16:40:49,229 - dragonfly - INFO - [STA] Scalar=63270860033989533762068482981960896161848653058469471428343798908544231032801
2018-10-11 16:40:49,229 - dragonfly - INFO - [STA] Element=Point(x=13818674926731382820802407439095891690048045513849912374168055812114992465886, y=36851643907001079295841811829467100595459712279256343534688097586372636391439)
2018-10-11 16:40:49,375 - dragonfly - INFO - [AP] Sending scalar and element to the Peer!
2018-10-11 16:40:49,375 - dragonfly - INFO - [AP] Scalar=34318479102710631354511492234487071943487095152406125763946599618048458615996
2018-10-11 16:40:49,375 - dragonfly - INFO - [AP] Element=Point(x=23634315467314481322407022867541069185008324624463652085074824645735156055838, y=36545089319526882995569013301076609673548879075814108061815438759896239201143)
2018-10-11 16:40:49,376 - dragonfly - INFO - Computing shared secret...

2018-10-11 16:40:49,662 - dragonfly - INFO - [STA] Shared Secret ss=5260889521998059954133035917253021115319131005047817759540475275194490804708
2018-10-11 16:40:49,662 - dragonfly - INFO - [STA] Own Token=974426f07cd05e2feaebf7cfa857ba9cd40198a3b54802d2bb22261def75cf13
2018-10-11 16:40:49,662 - dragonfly - INFO - [STA] Other Token=05ddcb1b85261d2e514bf83d04c1b9031a7c4ff40adde5f3d7c215b73d90c155
2018-10-11 16:40:49,941 - dragonfly - INFO - [AP] Shared Secret ss=66343979812519214320700150100373980312719896822269625332611294133303820052818
2018-10-11 16:40:49,941 - dragonfly - INFO - [AP] Own Token=b4e59a57d235be4adb8bf7ad1ff8dbd668e2c3e4f5936d19cfba1c532b650ed4
2018-10-11 16:40:49,941 - dragonfly - INFO - [AP] Other Token=e09c8b1f4011b1cac51fbe553fa003f28ca47cee4fca569f58c78eb18e5e1bae
2018-10-11 16:42:29,351 - dragonfly - INFO - Got point after 1 iterations
2018-10-11 16:42:29,352 - dragonfly - INFO - [STA] Got Point=Point(x=25323089736678991761665696053017242212959613330537917540497062040613991933507, y=56480630673388494498505888750565928130742827894811443574144903938861669954996) after 40 iterations
2018-10-11 16:42:29,353 - dragonfly - INFO - [STA] Point is on curve: True
2018-10-11 16:42:29,354 - dragonfly - INFO - Got point after 1 iterations
2018-10-11 16:42:29,355 - dragonfly - INFO - [AP] Got Point=Point(x=25323089736678991761665696053017242212959613330537917540497062040613991933507, y=56480630673388494498505888750565928130742827894811443574144903938861669954996) after 40 iterations
2018-10-11 16:42:29,355 - dragonfly - INFO - [AP] Point is on curve: True
2018-10-11 16:42:29,355 - dragonfly - INFO - Starting dragonfly commit exchange...

2018-10-11 16:42:29,495 - dragonfly - INFO - [STA] Sending scalar and element to the Peer!
2018-10-11 16:42:29,495 - dragonfly - INFO - [STA] Scalar=63270860033989533762068482981960896161848653058469471428343798908544231032801
2018-10-11 16:42:29,495 - dragonfly - INFO - [STA] Element=Point(x=13818674926731382820802407439095891690048045513849912374168055812114992465886, y=36851643907001079295841811829467100595459712279256343534688097586372636391439)
2018-10-11 16:42:29,640 - dragonfly - INFO - [AP] Sending scalar and element to the Peer!
2018-10-11 16:42:29,641 - dragonfly - INFO - [AP] Scalar=34318479102710631354511492234487071943487095152406125763946599618048458615996
2018-10-11 16:42:29,641 - dragonfly - INFO - [AP] Element=Point(x=23634315467314481322407022867541069185008324624463652085074824645735156055838, y=36545089319526882995569013301076609673548879075814108061815438759896239201143)
2018-10-11 16:42:29,641 - dragonfly - INFO - Computing shared secret...

2018-10-11 16:42:29,930 - dragonfly - INFO - [STA] Shared Secret ss=5260889521998059954133035917253021115319131005047817759540475275194490804708
2018-10-11 16:42:29,930 - dragonfly - INFO - [STA] Own Token=974426f07cd05e2feaebf7cfa857ba9cd40198a3b54802d2bb22261def75cf13
2018-10-11 16:42:29,931 - dragonfly - INFO - [STA] Other Token=05ddcb1b85261d2e514bf83d04c1b9031a7c4ff40adde5f3d7c215b73d90c155
2018-10-11 16:42:30,213 - dragonfly - INFO - [AP] Shared Secret ss=66343979812519214320700150100373980312719896822269625332611294133303820052818
2018-10-11 16:42:30,213 - dragonfly - INFO - [AP] Own Token=b4e59a57d235be4adb8bf7ad1ff8dbd668e2c3e4f5936d19cfba1c532b650ed4
2018-10-11 16:42:30,213 - dragonfly - INFO - [AP] Other Token=e09c8b1f4011b1cac51fbe553fa003f28ca47cee4fca569f58c78eb18e5e1bae
2018-10-11 16:46:09,771 - dragonfly - INFO - Got point after 1 iterations
2018-10-11 16:46:09,772 - dragonfly - INFO - [STA] Got Point=Point(x=25323089736678991761665696053017242212959613330537917540497062040613991933507, y=56480630673388494498505888750565928130742827894811443574144903938861669954996) after 40 iterations
2018-10-11 16:46:09,773 - dragonfly - INFO - [STA] Point is on curve: True
2018-10-11 16:46:09,774 - dragonfly - INFO - Got point after 1 iterations
2018-10-11 16:46:09,774 - dragonfly - INFO - [AP] Got Point=Point(x=25323089736678991761665696053017242212959613330537917540497062040613991933507, y=56480630673388494498505888750565928130742827894811443574144903938861669954996) after 40 iterations
2018-10-11 16:46:09,775 - dragonfly - INFO - [AP] Point is on curve: True
2018-10-11 16:46:09,775 - dragonfly - INFO - Starting dragonfly commit exchange...

2018-10-11 16:46:09,914 - dragonfly - INFO - [STA] Sending scalar and element to the Peer!
2018-10-11 16:46:09,914 - dragonfly - INFO - [STA] Scalar=63270860033989533762068482981960896161848653058469471428343798908544231032801
2018-10-11 16:46:09,914 - dragonfly - INFO - [STA] Element=Point(x=13818674926731382820802407439095891690048045513849912374168055812114992465886, y=36851643907001079295841811829467100595459712279256343534688097586372636391439)
2018-10-11 16:46:10,058 - dragonfly - INFO - [AP] Sending scalar and element to the Peer!
2018-10-11 16:46:10,059 - dragonfly - INFO - [AP] Scalar=34318479102710631354511492234487071943487095152406125763946599618048458615996
2018-10-11 16:46:10,059 - dragonfly - INFO - [AP] Element=Point(x=23634315467314481322407022867541069185008324624463652085074824645735156055838, y=36545089319526882995569013301076609673548879075814108061815438759896239201143)
2018-10-11 16:46:10,059 - dragonfly - INFO - Computing shared secret...

2018-10-11 16:46:10,364 - dragonfly - INFO - [STA] Shared Secret ss=5260889521998059954133035917253021115319131005047817759540475275194490804708
2018-10-11 16:46:10,364 - dragonfly - INFO - [STA] Own Token=974426f07cd05e2feaebf7cfa857ba9cd40198a3b54802d2bb22261def75cf13
2018-10-11 16:46:10,365 - dragonfly - INFO - [STA] Other Token=05ddcb1b85261d2e514bf83d04c1b9031a7c4ff40adde5f3d7c215b73d90c155
2018-10-11 16:46:10,647 - dragonfly - INFO - [AP] Shared Secret ss=66343979812519214320700150100373980312719896822269625332611294133303820052818
2018-10-11 16:46:10,647 - dragonfly - INFO - [AP] Own Token=b4e59a57d235be4adb8bf7ad1ff8dbd668e2c3e4f5936d19cfba1c532b650ed4
2018-10-11 16:46:10,647 - dragonfly - INFO - [AP] Other Token=e09c8b1f4011b1cac51fbe553fa003f28ca47cee4fca569f58c78eb18e5e1bae
2018-10-11 16:46:37,924 - dragonfly - INFO - Got point after 1 iterations
2018-10-11 16:46:37,925 - dragonfly - INFO - [STA] Got Point=Point(x=25323089736678991761665696053017242212959613330537917540497062040613991933507, y=20404325723656849722303857878435720962295122306131611629590697506169846242755) after 40 iterations
2018-10-11 16:46:37,925 - dragonfly - INFO - [STA] Point is on curve: True
2018-10-11 16:46:37,926 - dragonfly - INFO - Got point after 1 iterations
2018-10-11 16:46:37,927 - dragonfly - INFO - [AP] Got Point=Point(x=25323089736678991761665696053017242212959613330537917540497062040613991933507, y=20404325723656849722303857878435720962295122306131611629590697506169846242755) after 40 iterations
2018-10-11 16:46:37,927 - dragonfly - INFO - [AP] Point is on curve: True
2018-10-11 16:46:37,927 - dragonfly - INFO - Starting dragonfly commit exchange...

2018-10-11 16:46:38,067 - dragonfly - INFO - [STA] Sending scalar and element to the Peer!
2018-10-11 16:46:38,067 - dragonfly - INFO - [STA] Scalar=63270860033989533762068482981960896161848653058469471428343798908544231032801
2018-10-11 16:46:38,067 - dragonfly - INFO - [STA] Element=Point(x=13818674926731382820802407439095891690048045513849912374168055812114992465886, y=40033312490044264924967934799534548497578237921686711669047503858658879806312)
2018-10-11 16:46:38,214 - dragonfly - INFO - [AP] Sending scalar and element to the Peer!
2018-10-11 16:46:38,214 - dragonfly - INFO - [AP] Scalar=34318479102710631354511492234487071943487095152406125763946599618048458615996
2018-10-11 16:46:38,214 - dragonfly - INFO - [AP] Element=Point(x=23634315467314481322407022867541069185008324624463652085074824645735156055838, y=40339867077518461225240733327925039419489071125128947141920162685135276996608)
2018-10-11 16:46:38,215 - dragonfly - INFO - Computing shared secret...

2018-10-11 16:46:38,498 - dragonfly - INFO - [STA] Shared Secret ss=5260889521998059954133035917253021115319131005047817759540475275194490804708
2018-10-11 16:46:38,498 - dragonfly - INFO - [STA] Own Token=2ff25ccec25cf87a988412f2b1a80777563dfc4ba04a8b7dbd721ebbc413c0d5
2018-10-11 16:46:38,498 - dragonfly - INFO - [STA] Other Token=28852371a0d9998510e737e1cfdab029b18d1729a2ff862e156c7225766c449b
2018-10-11 16:46:38,796 - dragonfly - INFO - [AP] Shared Secret ss=66343979812519214320700150100373980312719896822269625332611294133303820052818
2018-10-11 16:46:38,797 - dragonfly - INFO - [AP] Own Token=a1e1c9b0dc2956334156c2fbe222a397edf1e0ff8be1b38cd8003b83a406c376
2018-10-11 16:46:38,797 - dragonfly - INFO - [AP] Other Token=da40f140fc2dd075b39319e809d66f34dbbcf99061b24c022e4637b384391921
2018-10-11 16:48:25,882 - dragonfly - INFO - Got point after 1 iterations
2018-10-11 16:48:25,884 - dragonfly - INFO - [STA] Got Point=Point(x=25323089736678991761665696053017242212959613330537917540497062040613991933507, y=56480630673388494498505888750565928130742827894811443574144903938861669954996) after 40 iterations
2018-10-11 16:48:25,884 - dragonfly - INFO - [STA] Point is on curve: True
2018-10-11 16:48:25,885 - dragonfly - INFO - Got point after 1 iterations
2018-10-11 16:48:25,887 - dragonfly - INFO - [AP] Got Point=Point(x=25323089736678991761665696053017242212959613330537917540497062040613991933507, y=56480630673388494498505888750565928130742827894811443574144903938861669954996) after 40 iterations
2018-10-11 16:48:25,887 - dragonfly - INFO - [AP] Point is on curve: True
2018-10-11 16:48:25,887 - dragonfly - INFO - Starting dragonfly commit exchange...

2018-10-11 16:48:26,025 - dragonfly - INFO - [STA] Sending scalar and element to the Peer!
2018-10-11 16:48:26,026 - dragonfly - INFO - [STA] Scalar=63270860033989533762068482981960896161848653058469471428343798908544231032801
2018-10-11 16:48:26,026 - dragonfly - INFO - [STA] Element=Point(x=13818674926731382820802407439095891690048045513849912374168055812114992465886, y=36851643907001079295841811829467100595459712279256343534688097586372636391439)
2018-10-11 16:48:26,169 - dragonfly - INFO - [AP] Sending scalar and element to the Peer!
2018-10-11 16:48:26,169 - dragonfly - INFO - [AP] Scalar=34318479102710631354511492234487071943487095152406125763946599618048458615996
2018-10-11 16:48:26,170 - dragonfly - INFO - [AP] Element=Point(x=23634315467314481322407022867541069185008324624463652085074824645735156055838, y=36545089319526882995569013301076609673548879075814108061815438759896239201143)
2018-10-11 16:48:26,170 - dragonfly - INFO - Computing shared secret...

2018-10-11 16:48:26,450 - dragonfly - INFO - [STA] Shared Secret ss=5260889521998059954133035917253021115319131005047817759540475275194490804708
2018-10-11 16:48:26,451 - dragonfly - INFO - [STA] Own Token=974426f07cd05e2feaebf7cfa857ba9cd40198a3b54802d2bb22261def75cf13
2018-10-11 16:48:26,451 - dragonfly - INFO - [STA] Other Token=05ddcb1b85261d2e514bf83d04c1b9031a7c4ff40adde5f3d7c215b73d90c155
2018-10-11 16:48:26,733 - dragonfly - INFO - [AP] Shared Secret ss=66343979812519214320700150100373980312719896822269625332611294133303820052818
2018-10-11 16:48:26,733 - dragonfly - INFO - [AP] Own Token=b4e59a57d235be4adb8bf7ad1ff8dbd668e2c3e4f5936d19cfba1c532b650ed4
2018-10-11 16:48:26,733 - dragonfly - INFO - [AP] Other Token=e09c8b1f4011b1cac51fbe553fa003f28ca47cee4fca569f58c78eb18e5e1bae
2018-10-11 16:52:12,487 - dragonfly - INFO - Got point after 1 iterations
2018-10-11 16:52:12,487 - dragonfly - INFO - [STA] Got Point=Point(x=25323089736678991761665696053017242212959613330537917540497062040613991933507, y=56480630673388494498505888750565928130742827894811443574144903938861669954996) after 40 iterations
2018-10-11 16:52:12,488 - dragonfly - INFO - [STA] Point is on curve: True
2018-10-11 16:52:12,489 - dragonfly - INFO - Got point after 1 iterations
2018-10-11 16:52:12,489 - dragonfly - INFO - [AP] Got Point=Point(x=25323089736678991761665696053017242212959613330537917540497062040613991933507, y=56480630673388494498505888750565928130742827894811443574144903938861669954996) after 40 iterations
2018-10-11 16:52:12,490 - dragonfly - INFO - [AP] Point is on curve: True
2018-10-11 16:52:12,490 - dragonfly - INFO - Starting dragonfly commit exchange...

2018-10-11 16:52:12,631 - dragonfly - INFO - [STA] Sending scalar and element to the Peer!
2018-10-11 16:52:12,631 - dragonfly - INFO - [STA] Scalar=63270860033989533762068482981960896161848653058469471428343798908544231032801
2018-10-11 16:52:12,631 - dragonfly - INFO - [STA] Element=Point(x=13818674926731382820802407439095891690048045513849912374168055812114992465886, y=36851643907001079295841811829467100595459712279256343534688097586372636391439)
2018-10-11 16:52:12,776 - dragonfly - INFO - [AP] Sending scalar and element to the Peer!
2018-10-11 16:52:12,777 - dragonfly - INFO - [AP] Scalar=34318479102710631354511492234487071943487095152406125763946599618048458615996
2018-10-11 16:52:12,777 - dragonfly - INFO - [AP] Element=Point(x=23634315467314481322407022867541069185008324624463652085074824645735156055838, y=36545089319526882995569013301076609673548879075814108061815438759896239201143)
2018-10-11 16:52:12,777 - dragonfly - INFO - Computing shared secret...

2018-10-11 16:52:13,057 - dragonfly - INFO - [STA] Shared Secret ss=5260889521998059954133035917253021115319131005047817759540475275194490804708
2018-10-11 16:52:13,057 - dragonfly - INFO - [STA] Own Token=974426f07cd05e2feaebf7cfa857ba9cd40198a3b54802d2bb22261def75cf13
2018-10-11 16:52:13,058 - dragonfly - INFO - [STA] Other Token=05ddcb1b85261d2e514bf83d04c1b9031a7c4ff40adde5f3d7c215b73d90c155
2018-10-11 16:52:13,340 - dragonfly - INFO - [AP] Shared Secret ss=66343979812519214320700150100373980312719896822269625332611294133303820052818
2018-10-11 16:52:13,340 - dragonfly - INFO - [AP] Own Token=b4e59a57d235be4adb8bf7ad1ff8dbd668e2c3e4f5936d19cfba1c532b650ed4
2018-10-11 16:52:13,341 - dragonfly - INFO - [AP] Other Token=e09c8b1f4011b1cac51fbe553fa003f28ca47cee4fca569f58c78eb18e5e1bae
2018-10-11 16:52:56,835 - dragonfly - INFO - Got point after 1 iterations
2018-10-11 16:52:56,836 - dragonfly - INFO - [STA] Got Point=Point(x=25323089736678991761665696053017242212959613330537917540497062040613991933507, y=56480630673388494498505888750565928130742827894811443574144903938861669954996) after 40 iterations
2018-10-11 16:52:56,836 - dragonfly - INFO - [STA] Point is on curve: True
2018-10-11 16:52:56,837 - dragonfly - INFO - Got point after 1 iterations
2018-10-11 16:52:56,837 - dragonfly - INFO - [AP] Got Point=Point(x=25323089736678991761665696053017242212959613330537917540497062040613991933507, y=56480630673388494498505888750565928130742827894811443574144903938861669954996) after 40 iterations
2018-10-11 16:52:56,838 - dragonfly - INFO - [AP] Point is on curve: True
2018-10-11 16:52:56,838 - dragonfly - INFO - Starting dragonfly commit exchange...

2018-10-11 16:52:56,978 - dragonfly - INFO - [STA] Sending scalar and element to the Peer!
2018-10-11 16:52:56,978 - dragonfly - INFO - [STA] Scalar=63270860033989533762068482981960896161848653058469471428343798908544231032801
2018-10-11 16:52:56,978 - dragonfly - INFO - [STA] Element=Point(x=13818674926731382820802407439095891690048045513849912374168055812114992465886, y=36851643907001079295841811829467100595459712279256343534688097586372636391439)
2018-10-11 16:52:57,127 - dragonfly - INFO - [AP] Sending scalar and element to the Peer!
2018-10-11 16:52:57,127 - dragonfly - INFO - [AP] Scalar=34318479102710631354511492234487071943487095152406125763946599618048458615996
2018-10-11 16:52:57,127 - dragonfly - INFO - [AP] Element=Point(x=23634315467314481322407022867541069185008324624463652085074824645735156055838, y=36545089319526882995569013301076609673548879075814108061815438759896239201143)
2018-10-11 16:52:57,128 - dragonfly - INFO - Computing shared secret...

2018-10-11 16:52:57,411 - dragonfly - INFO - [STA] Shared Secret ss=5260889521998059954133035917253021115319131005047817759540475275194490804708
2018-10-11 16:52:57,411 - dragonfly - INFO - [STA] Own Token=974426f07cd05e2feaebf7cfa857ba9cd40198a3b54802d2bb22261def75cf13
2018-10-11 16:52:57,411 - dragonfly - INFO - [STA] Other Token=05ddcb1b85261d2e514bf83d04c1b9031a7c4ff40adde5f3d7c215b73d90c155
2018-10-11 16:52:57,694 - dragonfly - INFO - [AP] Shared Secret ss=66343979812519214320700150100373980312719896822269625332611294133303820052818
2018-10-11 16:52:57,694 - dragonfly - INFO - [AP] Own Token=b4e59a57d235be4adb8bf7ad1ff8dbd668e2c3e4f5936d19cfba1c532b650ed4
2018-10-11 16:52:57,694 - dragonfly - INFO - [AP] Other Token=e09c8b1f4011b1cac51fbe553fa003f28ca47cee4fca569f58c78eb18e5e1bae
2018-10-11 16:53:19,216 - dragonfly - INFO - Got point after 1 iterations
2018-10-11 16:53:19,217 - dragonfly - INFO - [STA] Got Point=Point(x=25323089736678991761665696053017242212959613330537917540497062040613991933507, y=56480630673388494498505888750565928130742827894811443574144903938861669954996) after 40 iterations
2018-10-11 16:53:19,217 - dragonfly - INFO - [STA] Point is on curve: True
2018-10-11 16:53:19,219 - dragonfly - INFO - Got point after 1 iterations
2018-10-11 16:53:19,220 - dragonfly - INFO - [AP] Got Point=Point(x=25323089736678991761665696053017242212959613330537917540497062040613991933507, y=56480630673388494498505888750565928130742827894811443574144903938861669954996) after 40 iterations
2018-10-11 16:53:19,221 - dragonfly - INFO - [AP] Point is on curve: True
2018-10-11 16:53:19,221 - dragonfly - INFO - Starting dragonfly commit exchange...

2018-10-11 16:53:19,363 - dragonfly - INFO - [STA] Sending scalar and element to the Peer!
2018-10-11 16:53:19,363 - dragonfly - INFO - [STA] Scalar=63270860033989533762068482981960896161848653058469471428343798908544231032801
2018-10-11 16:53:19,363 - dragonfly - INFO - [STA] Element=Point(x=13818674926731382820802407439095891690048045513849912374168055812114992465886, y=36851643907001079295841811829467100595459712279256343534688097586372636391439)
2018-10-11 16:53:19,509 - dragonfly - INFO - [AP] Sending scalar and element to the Peer!
2018-10-11 16:53:19,509 - dragonfly - INFO - [AP] Scalar=34318479102710631354511492234487071943487095152406125763946599618048458615996
2018-10-11 16:53:19,509 - dragonfly - INFO - [AP] Element=Point(x=23634315467314481322407022867541069185008324624463652085074824645735156055838, y=36545089319526882995569013301076609673548879075814108061815438759896239201143)
2018-10-11 16:53:19,509 - dragonfly - INFO - Computing shared secret...

2018-10-11 16:53:19,792 - dragonfly - INFO - [STA] Shared Secret ss=5260889521998059954133035917253021115319131005047817759540475275194490804708
2018-10-11 16:53:19,793 - dragonfly - INFO - [STA] Own Token=974426f07cd05e2feaebf7cfa857ba9cd40198a3b54802d2bb22261def75cf13
2018-10-11 16:53:19,793 - dragonfly - INFO - [STA] Other Token=05ddcb1b85261d2e514bf83d04c1b9031a7c4ff40adde5f3d7c215b73d90c155
2018-10-11 16:53:20,087 - dragonfly - INFO - [AP] Shared Secret ss=66343979812519214320700150100373980312719896822269625332611294133303820052818
2018-10-11 16:53:20,087 - dragonfly - INFO - [AP] Own Token=b4e59a57d235be4adb8bf7ad1ff8dbd668e2c3e4f5936d19cfba1c532b650ed4
2018-10-11 16:53:20,087 - dragonfly - INFO - [AP] Other Token=e09c8b1f4011b1cac51fbe553fa003f28ca47cee4fca569f58c78eb18e5e1bae
2018-10-11 16:53:54,957 - dragonfly - INFO - Got point after 3 iterations
2018-10-11 16:53:54,959 - dragonfly - INFO - [STA] Got Point=Point(x=9505319040145430207018030302733907225145014822091191711562839828563023209634937896447865316625912584912257073358235, y=15732854971079179210817789064131180220766367648294416625314731806024977858609193188964655888345457354530891344489104) after 40 iterations
2018-10-11 16:53:54,959 - dragonfly - INFO - [STA] Point is on curve: True
2018-10-11 16:53:54,963 - dragonfly - INFO - Got point after 3 iterations
2018-10-11 16:53:54,965 - dragonfly - INFO - [AP] Got Point=Point(x=9505319040145430207018030302733907225145014822091191711562839828563023209634937896447865316625912584912257073358235, y=15732854971079179210817789064131180220766367648294416625314731806024977858609193188964655888345457354530891344489104) after 40 iterations
2018-10-11 16:53:54,965 - dragonfly - INFO - [AP] Point is on curve: True
2018-10-11 16:53:54,965 - dragonfly - INFO - Starting dragonfly commit exchange...

2018-10-11 16:53:55,390 - dragonfly - INFO - [STA] Sending scalar and element to the Peer!
2018-10-11 16:53:55,390 - dragonfly - INFO - [STA] Scalar=32487707187935832839047615238229848185836636137293285134111453580406504397304241467606997461514989224499108793052833
2018-10-11 16:53:55,390 - dragonfly - INFO - [STA] Element=Point(x=6082799554537695678051559541853752966501197800938340626698542088645492727523647881572628798038002745036433777446765, y=30175673684540161809320891410304973128205012681758361125065299403890623168882616119167800221184794459662313194560162)
2018-10-11 16:53:55,811 - dragonfly - INFO - [AP] Sending scalar and element to the Peer!
2018-10-11 16:53:55,811 - dragonfly - INFO - [AP] Scalar=12060315690804581590495914033940888471934209076629040924452544055269098919833275204871069896403220744990320756757983
2018-10-11 16:53:55,811 - dragonfly - INFO - [AP] Element=Point(x=17506660811252601000519637262969579070403513563902403126236798583215727064505249493916980954486015839834647526850529, y=23417917156800217345709327223376307073191827078684347352058992736473755300886535813062292222318350028052625673616729)
2018-10-11 16:53:55,811 - dragonfly - INFO - Computing shared secret...

2018-10-11 16:53:56,665 - dragonfly - INFO - [STA] Shared Secret ss=21922757045496584280369300551240809344708389071969888786633381502878147073412632642667845821296963219974164389922969
2018-10-11 16:53:56,665 - dragonfly - INFO - [STA] Own Token=139362296e347c9de041f6acfff5244de8bcf29799d3b2b5dd66aec730dd249d
2018-10-11 16:53:56,665 - dragonfly - INFO - [STA] Other Token=032d7ce4c9f8f6a6de71a4a6fbaffb179fa7731ddf51cb30ac6638f562a501ab
2018-10-11 16:53:57,531 - dragonfly - INFO - [AP] Shared Secret ss=28333489256950217529484350277111574788116624288206383929427151431490508312237252020969123850874201261720171455606236
2018-10-11 16:53:57,532 - dragonfly - INFO - [AP] Own Token=cb4cf7291898b66c462f51df67a02174cc6d012475858006e02028b6195d4359
2018-10-11 16:53:57,532 - dragonfly - INFO - [AP] Other Token=1ba8ad37f7d12037278cce07629bef0626f742c9e64c077f87b07c5400850484
2018-10-11 16:54:28,261 - dragonfly - INFO - Got point after 3 iterations
2018-10-11 16:54:28,263 - dragonfly - INFO - [STA] Got Point=Point(x=9505319040145430207018030302733907225145014822091191711562839828563023209634937896447865316625912584912257073358235, y=15732854971079179210817789064131180220766367648294416625314731806024977858609193188964655888345457354530891344489104) after 40 iterations
2018-10-11 16:54:28,263 - dragonfly - INFO - [STA] Point is on curve: True
2018-10-11 16:54:28,267 - dragonfly - INFO - Got point after 3 iterations
2018-10-11 16:54:28,269 - dragonfly - INFO - [AP] Got Point=Point(x=9505319040145430207018030302733907225145014822091191711562839828563023209634937896447865316625912584912257073358235, y=15732854971079179210817789064131180220766367648294416625314731806024977858609193188964655888345457354530891344489104) after 40 iterations
2018-10-11 16:54:28,269 - dragonfly - INFO - [AP] Point is on curve: True
2018-10-11 16:54:28,269 - dragonfly - INFO - Starting dragonfly commit exchange...

2018-10-11 16:54:28,690 - dragonfly - INFO - [STA] Sending scalar and element to the Peer!
2018-10-11 16:54:28,690 - dragonfly - INFO - [STA] Scalar=32487707187935832839047615238229848185836636137293285134111453580406504397304241467606997461514989224499108793052833
2018-10-11 16:54:28,690 - dragonfly - INFO - [STA] Element=Point(x=6082799554537695678051559541853752966501197800938340626698542088645492727523647881572628798038002745036433777446765, y=30175673684540161809320891410304973128205012681758361125065299403890623168882616119167800221184794459662313194560162)
2018-10-11 16:54:29,113 - dragonfly - INFO - [AP] Sending scalar and element to the Peer!
2018-10-11 16:54:29,113 - dragonfly - INFO - [AP] Scalar=12060315690804581590495914033940888471934209076629040924452544055269098919833275204871069896403220744990320756757983
2018-10-11 16:54:29,114 - dragonfly - INFO - [AP] Element=Point(x=17506660811252601000519637262969579070403513563902403126236798583215727064505249493916980954486015839834647526850529, y=23417917156800217345709327223376307073191827078684347352058992736473755300886535813062292222318350028052625673616729)
2018-10-11 16:54:29,114 - dragonfly - INFO - Computing shared secret...

2018-10-11 16:54:29,973 - dragonfly - INFO - [STA] Shared Secret ss=21922757045496584280369300551240809344708389071969888786633381502878147073412632642667845821296963219974164389922969
2018-10-11 16:54:29,973 - dragonfly - INFO - [STA] Own Token=139362296e347c9de041f6acfff5244de8bcf29799d3b2b5dd66aec730dd249d
2018-10-11 16:54:29,973 - dragonfly - INFO - [STA] Other Token=032d7ce4c9f8f6a6de71a4a6fbaffb179fa7731ddf51cb30ac6638f562a501ab
2018-10-11 16:54:30,827 - dragonfly - INFO - [AP] Shared Secret ss=28333489256950217529484350277111574788116624288206383929427151431490508312237252020969123850874201261720171455606236
2018-10-11 16:54:30,827 - dragonfly - INFO - [AP] Own Token=cb4cf7291898b66c462f51df67a02174cc6d012475858006e02028b6195d4359
2018-10-11 16:54:30,828 - dragonfly - INFO - [AP] Other Token=1ba8ad37f7d12037278cce07629bef0626f742c9e64c077f87b07c5400850484
2018-10-11 16:55:04,653 - dragonfly - INFO - Got point after 3 iterations
2018-10-11 16:55:04,655 - dragonfly - INFO - Got point after 5 iterations
2018-10-11 16:55:04,657 - dragonfly - INFO - Got point after 6 iterations
2018-10-11 16:55:04,659 - dragonfly - INFO - Got point after 8 iterations
2018-10-11 16:55:04,663 - dragonfly - INFO - Got point after 11 iterations
2018-10-11 16:55:04,704 - dragonfly - INFO - [STA] Got Point=Point(x=815076562655262096626683151292353687444965110101145647852983578877200929692269695280909881213817340017479877124097, y=31547799689798367863037462448263179154068741933206386316888721458632566729438977890373963435339834274783327888006369) after 40 iterations
2018-10-11 16:55:04,704 - dragonfly - INFO - [STA] Point is on curve: True
2018-10-11 16:55:04,709 - dragonfly - INFO - Got point after 3 iterations
2018-10-11 16:55:04,712 - dragonfly - INFO - Got point after 5 iterations
2018-10-11 16:55:04,714 - dragonfly - INFO - Got point after 6 iterations
2018-10-11 16:55:04,717 - dragonfly - INFO - Got point after 8 iterations
2018-10-11 16:55:04,721 - dragonfly - INFO - Got point after 11 iterations
2018-10-11 16:55:04,758 - dragonfly - INFO - [AP] Got Point=Point(x=815076562655262096626683151292353687444965110101145647852983578877200929692269695280909881213817340017479877124097, y=31547799689798367863037462448263179154068741933206386316888721458632566729438977890373963435339834274783327888006369) after 40 iterations
2018-10-11 16:55:04,758 - dragonfly - INFO - [AP] Point is on curve: True
2018-10-11 16:55:04,758 - dragonfly - INFO - Starting dragonfly commit exchange...

2018-10-11 16:55:05,173 - dragonfly - INFO - [STA] Sending scalar and element to the Peer!
2018-10-11 16:55:05,174 - dragonfly - INFO - [STA] Scalar=30167830754275267723439990008179509893562932290517332820171262532800813218080583146100967346882689881547774272369747
2018-10-11 16:55:05,174 - dragonfly - INFO - [STA] Element=Point(x=38469491919636649490480880208395202359262768259261921321117444276851939334822306831886474870512018035081460699398437, y=2483589417947675612847118692170555913643213930170052951927159534334375126917704172758065344141429668379260186172372)
2018-10-11 16:55:05,597 - dragonfly - INFO - [AP] Sending scalar and element to the Peer!
2018-10-11 16:55:05,597 - dragonfly - INFO - [AP] Scalar=29566520649952355998859369400795440977180295594699249192810831129463538676509261176936267902846753006121859895954195
2018-10-11 16:55:05,597 - dragonfly - INFO - [AP] Element=Point(x=3691347910041867540124912113897486938421988643243621601450429263811323129439345580135067615418977703400506698457139, y=25242354389051117757267981542893618524663549931360800164811932260798574432826633595684158998072349528773582957481843)
2018-10-11 16:55:05,597 - dragonfly - INFO - Computing shared secret...

2018-10-11 16:55:06,438 - dragonfly - INFO - [STA] Shared Secret ss=36498679857030287292387379038791389245917119860156207609756934915897817085299354006228037009292552047490587770493805
2018-10-11 16:55:06,438 - dragonfly - INFO - [STA] Own Token=cba8858ad386e233f21e800f82dfc13d673680750a98983b618fd23cf9eecf67
2018-10-11 16:55:06,438 - dragonfly - INFO - [STA] Other Token=e5fbf69ef58052ce615e0238e77ad17c5f7999108bbe0323269befac7df78a4b
2018-10-11 16:55:07,271 - dragonfly - INFO - [AP] Shared Secret ss=14854657975310229964148484309727686453861180205221583831912867628684444803609846887588777854424189202604444955052953
2018-10-11 16:55:07,271 - dragonfly - INFO - [AP] Own Token=54c363a1b5429c000c886b830a001bc1042db5b5c3892d4815c6644487526e11
2018-10-11 16:55:07,272 - dragonfly - INFO - [AP] Other Token=09e57158d4f49911bd4093d5dae6b28a19acd82f73e570380c1eda145e0a9595
